ja
translator installed


Sun Jan 04 07:16:49 2026
PhotoRec 7.2-WIP, Data Recovery Utility, February 2023
Christophe GRENIER <grenier@cgsecurity.org>
https://www.cgsecurity.org
OS: Windows 8 (9200)
Compiler: GCC 11.2, MinGW 3.11
ext2fs lib: none, ntfs lib: available, ewf lib: 20140608, libjpeg: libjpeg-turbo-2.1.1
disk_get_size_win32 IOCTL_DISK_GET_LENGTH_INFO(\\.\PhysicalDrive0)=1024209543168
disk_get_size_win32 IOCTL_DISK_GET_LENGTH_INFO(\\.\PhysicalDrive1)=1000204886016
disk_get_size_win32 IOCTL_DISK_GET_LENGTH_INFO(\\.\C:)=1022613593600
disk_get_size_win32 IOCTL_DISK_GET_LENGTH_INFO(\\.\F:)=2147483648
Partition table type (auto): EFI GPT
Disk \\.\PhysicalDrive0 - 1024 GB / 953 GiB (RO) - SOLIDIGM SSDPFKNU010TZ
check_part_gpt failed for partition
 2 P MS Reserved             33  69 37    35  79 44      32768 [Microsoft reserved partition]
check_part_gpt failed for partition
 3 P MS Data                 35  79 45 124361   0  6 1997292175 [Basic data partition]
       0 0000 0000 00 00 00 00 00 00 00 00
     Unknown                  0   0  1 124519 182 63 2000409264 [Whole disk]
 1 P EFI System               0  32 33    33  69 36     532480 [EFI system partition]
 2 P MS Reserved             33  69 37    35  79 44      32768 [Microsoft reserved partition]
 3 P MS Data                 35  79 45 124361   0  6 1997292175 [Basic data partition]
 4 P Windows Recovery Env 124361  22 14 124486 135  1    2015232
 5 P Windows Recovery Env 124486 135  2 124519 172  5     532480 [Basic data partition]
       0 0000 0000 00 00 00 00 00 00 00 00
Partition table type (auto): EFI GPT
Disk \\.\PhysicalDrive1 - 1000 GB / 931 GiB (RO) - USB 3.0
       0 0000 0000 00 00 00 00 00 00 00 00
     Unknown                  0   0  1 121601  80 63 1953525168 [Whole disk]
 1 P MS Data                  0  32 33 121601  57 56 1953521664 [Basic data partition]
     NTFS, blocksize=4096, 1000 GB / 931 GiB
       0 0000 0000 00 00 00 00 00 00 00 00
 1 P MS Data                  0  32 33 121601  57 56 1953521664 [Basic data partition]
     NTFS, blocksize=4096, 1000 GB / 931 GiB
 1 P MS Data                  0  32 33 121601  57 56 1953521664 [Basic data partition]
     NTFS, blocksize=4096, 1000 GB / 931 GiB
Can't open filesystem. Filesystem seems damaged.
742 first-level signatures enabled
blocksize=1024, offset=0
C:/RecoveredData/recup_dir.2/f0000016.mft	 2064-2065
C:/RecoveredData/recup_dir.2/f0000018.mft	 2066-2067
C:/RecoveredData/recup_dir.2/f0000020.mft	 2068-2069
C:/RecoveredData/recup_dir.2/f0000022.mft	 2070-2071
C:/RecoveredData/recup_dir.2/f0026696.dll	 28744-28751
C:/RecoveredData/recup_dir.2/f0026720.dll	 28768-28775
C:/RecoveredData/recup_dir.2/f0026744.dll	 28792-28797
C:/RecoveredData/recup_dir.2/f0026768.dll	 28816-28821
C:/RecoveredData/recup_dir.2/f0026792.dll	 28840-28845
C:/RecoveredData/recup_dir.2/f0026816.dll	 28864-28877
C:/RecoveredData/recup_dir.2/f0026848.txt	 28896-28907
C:/RecoveredData/recup_dir.2/f0026864.dll	 28912-28933
C:/RecoveredData/recup_dir.2/f0026888.dll	 28936-28941
C:/RecoveredData/recup_dir.2/f0026912.dll	 28960-28965
C:/RecoveredData/recup_dir.2/f0026936.txt	 28984-28997
C:/RecoveredData/recup_dir.2/f0070144.txt	 72192-72203
C:/RecoveredData/recup_dir.2/f0070160.txt	 72208-72215
C:/RecoveredData/recup_dir.2/f0070168.txt	 72216-72223
C:/RecoveredData/recup_dir.2/f0070176.txt	 72224-72231
C:/RecoveredData/recup_dir.2/f0070184.txt	 72232-72239
C:/RecoveredData/recup_dir.2/f0070192.txt	 72240-72247
C:/RecoveredData/recup_dir.2/f0070200.gif	 72248-72265
C:/RecoveredData/recup_dir.2/f0070224.gif	 72272-72301
C:/RecoveredData/recup_dir.2/f0070256.jar	 72304-72671
C:/RecoveredData/recup_dir.2/f0070624.jar	 72672-72689
C:/RecoveredData/recup_dir.2/f0070648.jar	 72696-72783
C:/RecoveredData/recup_dir.2/f0070736.jar	 72784-75087
C:/RecoveredData/recup_dir.2/f0073056.jar	 75104-75181
C:/RecoveredData/recup_dir.2/f0073136.jar	 75184-75727
C:/RecoveredData/recup_dir.2/f0073680.jar	 75728-75791
C:/RecoveredData/recup_dir.2/f0073744.jar	 75792-76279
C:/RecoveredData/recup_dir.2/f0074232.jar	 76280-76415
C:/RecoveredData/recup_dir.2/f0074368.ttf	 76416-76563
C:/RecoveredData/recup_dir.2/f0074520.ttf	 76568-76715
C:/RecoveredData/recup_dir.2/f0074672.ttf	 76720-76877
C:/RecoveredData/recup_dir.2/f0074832.ttf	 76880-77553
C:/RecoveredData/recup_dir.2/f0075512.ttf	 77560-78181
C:/RecoveredData/recup_dir.2/f0076144.ttf	 78192-78649
C:/RecoveredData/recup_dir.2/f0076616.txt	 78664-78667
C:/RecoveredData/recup_dir.2/f0078392.txt	 80440-80463
C:/RecoveredData/recup_dir.2/f0078424.txt	 80472-80481
C:/RecoveredData/recup_dir.2/f0081998.txt	 84046-84383
C:/RecoveredData/recup_dir.2/f0082546.txt	 84594-84917
C:/RecoveredData/recup_dir.2/f0082910.txt	 84958-85095
C:/RecoveredData/recup_dir.2/f0083088.txt	 85136-85151
C:/RecoveredData/recup_dir.2/f0097696.dll	 99744-99777
C:/RecoveredData/recup_dir.2/f0097736.dll	 99784-99807
C:/RecoveredData/recup_dir.2/f0097784.dll	 99832-99855
C:/RecoveredData/recup_dir.2/f0097832.dll	 99880-99903
C:/RecoveredData/recup_dir.2/f0097880.dll	 99928-99951
C:/RecoveredData/recup_dir.2/f0097928.dll	 99976-99999
C:/RecoveredData/recup_dir.2/f0097976.dll	 100024-100047
C:/RecoveredData/recup_dir.2/f0098024.dll	 100072-100095
C:/RecoveredData/recup_dir.2/f0098072.txt	 100120-100131
C:/RecoveredData/recup_dir.2/f0098088.exe	 100136-100161
C:/RecoveredData/recup_dir.2/f0098120.exe	 100168-100193
C:/RecoveredData/recup_dir.2/f0098152.dll	 100200-100221
C:/RecoveredData/recup_dir.2/f0098176.txt	 100224-100237
C:/RecoveredData/recup_dir.2/f0098192.exe	 100240-100265
C:/RecoveredData/recup_dir.2/f0098224.exe	 100272-100297
C:/RecoveredData/recup_dir.2/f0098256.exe	 100304-100329
C:/RecoveredData/recup_dir.2/f0098288.dll	 100336-100357
C:/RecoveredData/recup_dir.2/f0098312.exe	 100360-100385
C:/RecoveredData/recup_dir.2/f0098344.exe	 100392-100417
C:/RecoveredData/recup_dir.2/f0098376.exe	 100424-100449
C:/RecoveredData/recup_dir.2/f0098408.exe	 100456-100481
C:/RecoveredData/recup_dir.2/f0098440.exe	 100488-100513
C:/RecoveredData/recup_dir.2/f0098472.exe	 100520-100545
C:/RecoveredData/recup_dir.2/f0098504.exe	 100552-100577
C:/RecoveredData/recup_dir.2/f0098536.exe	 100584-100609
C:/RecoveredData/recup_dir.2/f0098568.exe	 100616-100641
C:/RecoveredData/recup_dir.2/f0098600.exe	 100648-100673
C:/RecoveredData/recup_dir.2/f0098632.exe	 100680-100705
C:/RecoveredData/recup_dir.2/f0098664.exe	 100712-100737
C:/RecoveredData/recup_dir.2/f0098696.txt	 100744-100765
C:/RecoveredData/recup_dir.2/f0098720.exe	 100768-100793
C:/RecoveredData/recup_dir.2/f0098752.txt	 100800-100817
C:/RecoveredData/recup_dir.2/f0098776.exe	 100824-100849
C:/RecoveredData/recup_dir.2/f0098808.exe	 100856-100881
C:/RecoveredData/recup_dir.2/f0098840.exe	 100888-100913
C:/RecoveredData/recup_dir.2/f0098872.exe	 100920-100945
C:/RecoveredData/recup_dir.2/f0098904.exe	 100952-100977
C:/RecoveredData/recup_dir.2/f0098936.exe	 100984-101009
C:/RecoveredData/recup_dir.2/f0098968.exe	 101016-101041
C:/RecoveredData/recup_dir.2/f0099000.exe	 101048-101073
C:/RecoveredData/recup_dir.2/f0099032.exe	 101080-101105
C:/RecoveredData/recup_dir.2/f0099064.exe	 101112-101137
C:/RecoveredData/recup_dir.2/f0099096.exe	 101144-101169
C:/RecoveredData/recup_dir.2/f0099128.exe	 101176-101201
C:/RecoveredData/recup_dir.2/f0099160.dll	 101208-101235
C:/RecoveredData/recup_dir.2/f0099192.txt	 101240-101269
C:/RecoveredData/recup_dir.2/f0099224.dll	 101272-101301
C:/RecoveredData/recup_dir.2/f0099256.dll	 101304-101341
C:/RecoveredData/recup_dir.2/f0099296.dll	 101344-101367
C:/RecoveredData/recup_dir.2/f0099344.dll	 101392-101427
C:/RecoveredData/recup_dir.2/f0099384.dll	 101432-101467
C:/RecoveredData/recup_dir.2/f0099424.dll	 101472-101503
C:/RecoveredData/recup_dir.2/f0099456.txt	 101504-101541
C:/RecoveredData/recup_dir.2/f0099496.dll	 101544-101567
C:/RecoveredData/recup_dir.2/f0099544.txt	 101592-101593
C:/RecoveredData/recup_dir.2/f0482560.txt	 484608-484613
C:/RecoveredData/recup_dir.2/f0504304.dll	 506352-506375
C:/RecoveredData/recup_dir.2/f0504352.dll	 506400-506423
C:/RecoveredData/recup_dir.2/f0504400.txt	 506448-506483
C:/RecoveredData/recup_dir.2/f0504440.dll	 506488-506511
C:/RecoveredData/recup_dir.2/f0504488.dll	 506536-506559
C:/RecoveredData/recup_dir.2/f0504536.dll	 506584-506607
C:/RecoveredData/recup_dir.2/f0504584.dll	 506632-506655
C:/RecoveredData/recup_dir.2/f0504632.dll	 506680-506703
C:/RecoveredData/recup_dir.2/f0504680.dll	 506728-506751
C:/RecoveredData/recup_dir.2/f0504728.dll	 506776-506799
C:/RecoveredData/recup_dir.2/f0504776.dll	 506824-506847
C:/RecoveredData/recup_dir.2/f0504824.dll	 506872-506895
C:/RecoveredData/recup_dir.2/f0504872.dll	 506920-506943
C:/RecoveredData/recup_dir.2/f0504920.dll	 506968-506991
C:/RecoveredData/recup_dir.2/f0504968.dll	 507016-507039
C:/RecoveredData/recup_dir.2/f0505016.dll	 507064-507087
C:/RecoveredData/recup_dir.2/f0505064.dll	 507112-507135
C:/RecoveredData/recup_dir.2/f0505112.dll	 507160-507183
C:/RecoveredData/recup_dir.2/f0505160.dll	 507208-507231
C:/RecoveredData/recup_dir.2/f0505208.dll	 507256-507279
C:/RecoveredData/recup_dir.2/f0505256.txt	 507304-507315
C:/RecoveredData/recup_dir.2/f0505272.jpg	 507320-507321
C:/RecoveredData/recup_dir.2/f0516480.dll	 518528-518551
C:/RecoveredData/recup_dir.2/f0516528.dll	 518576-518599
C:/RecoveredData/recup_dir.2/f0516576.dll	 518624-518647
C:/RecoveredData/recup_dir.2/f0516624.dll	 518672-518695
C:/RecoveredData/recup_dir.2/f0516672.h	 518720-518731
C:/RecoveredData/recup_dir.2/f0516688.dll	 518736-518767
C:/RecoveredData/recup_dir.2/f0516744.dll	 518792-518815
C:/RecoveredData/recup_dir.2/f0516792.dll	 518840-518881
C:/RecoveredData/recup_dir.2/f0516840.dll	 518888-518933
C:/RecoveredData/recup_dir.2/f0516888.dll	 518936-518967
C:/RecoveredData/recup_dir.2/f0516944.dll	 518992-519015
C:/RecoveredData/recup_dir.2/f0516992.dll	 519040-519071
C:/RecoveredData/recup_dir.2/f0517048.dll	 519096-519127
C:/RecoveredData/recup_dir.2/f0517104.dll	 519152-519183
C:/RecoveredData/recup_dir.2/f0517160.dll	 519208-519257
C:/RecoveredData/recup_dir.2/f0517216.dll	 519264-519313
C:/RecoveredData/recup_dir.2/f0517272.dll	 519320-519369
C:/RecoveredData/recup_dir.2/f0517328.dll	 519376-519427
C:/RecoveredData/recup_dir.2/f0517384.dll	 519432-519487
C:/RecoveredData/recup_dir.2/f0517440.txt	 519488-519507
C:/RecoveredData/recup_dir.2/f0517460.txt	 519508-519513
C:/RecoveredData/recup_dir.2/f0517466.txt	 519514-519519
C:/RecoveredData/recup_dir.2/f0517472.txt	 519520-519527
C:/RecoveredData/recup_dir.2/f0517480.txt	 519528-519531
C:/RecoveredData/recup_dir.2/f0517484.txt	 519532-519545
C:/RecoveredData/recup_dir.2/f0517504.dll	 519552-519591
C:/RecoveredData/recup_dir.2/f0517568.dll	 519616-519655
C:/RecoveredData/recup_dir.2/f0517632.dll	 519680-519747
C:/RecoveredData/recup_dir.2/f0517704.exe	 519752-519819
C:/RecoveredData/recup_dir.2/f0517776.dll	 519824-519895
C:/RecoveredData/recup_dir.2/f0517864.dll	 519912-519995
C:/RecoveredData/recup_dir.2/f0517952.dll	 520000-520147
C:/RecoveredData/recup_dir.2/f0518176.txt	 520224-520595
C:/RecoveredData/recup_dir.2/f0518548.txt	 520596-520651
C:/RecoveredData/recup_dir.2/f0518604.txt	 520652-520657
C:/RecoveredData/recup_dir.2/f0518610.txt	 520658-520735
C:/RecoveredData/recup_dir.2/f0518688.dll	 520736-520831
C:/RecoveredData/recup_dir.2/f0518880.dll	 520928-520983
C:/RecoveredData/recup_dir.2/f0518960.txt	 521008-521031
C:/RecoveredData/recup_dir.2/f0518984.txt	 521032-521055
C:/RecoveredData/recup_dir.2/f0519008.gz	 521056-521071
C:/RecoveredData/recup_dir.2/f0519024.gz	 521072-521175
C:/RecoveredData/recup_dir.2/f0519128.dll	 521176-521183
C:/RecoveredData/recup_dir.2/f0519152.dll	 521200-521207
C:/RecoveredData/recup_dir.2/f0519176.dll	 521224-521229
C:/RecoveredData/recup_dir.2/f0519200.dll	 521248-521253
C:/RecoveredData/recup_dir.2/f0519224.dll	 521272-521277
C:/RecoveredData/recup_dir.2/f0519256.dll	 521304-521317
C:/RecoveredData/recup_dir.2/f0519288.dll	 521336-521341
C:/RecoveredData/recup_dir.2/f0519312.dll	 521360-521365
C:/RecoveredData/recup_dir.2/f0519336.dll	 521384-521389
C:/RecoveredData/recup_dir.2/f0519360.dll	 521408-521415
C:/RecoveredData/recup_dir.2/f0519384.dll	 521432-521437
C:/RecoveredData/recup_dir.2/f0519408.dll	 521456-521463
C:/RecoveredData/recup_dir.2/f0519440.dll	 521488-521499
C:/RecoveredData/recup_dir.2/f0519472.dll	 521520-521527
C:/RecoveredData/recup_dir.2/f0519496.dll	 521544-521549
C:/RecoveredData/recup_dir.2/f0519520.dll	 521568-521575
C:/RecoveredData/recup_dir.2/f0519552.dll	 521600-521611
C:/RecoveredData/recup_dir.2/f0519584.dll	 521632-521639
C:/RecoveredData/recup_dir.2/f0519608.dll	 521656-521661
C:/RecoveredData/recup_dir.2/f0519632.dll	 521680-521687
C:/RecoveredData/recup_dir.2/f0519656.dll	 521704-521709
C:/RecoveredData/recup_dir.2/f0519680.dll	 521728-521737
C:/RecoveredData/recup_dir.2/f0519712.dll	 521760-521767
C:/RecoveredData/recup_dir.2/f0519736.dll	 521784-521791
C:/RecoveredData/recup_dir.2/f0519768.dll	 521816-521823
C:/RecoveredData/recup_dir.2/f0519792.dll	 521840-521845
C:/RecoveredData/recup_dir.2/f0519816.jar	 521864-521867
C:/RecoveredData/recup_dir.2/f0519824.dll	 521872-521879
C:/RecoveredData/recup_dir.2/f0519856.dll	 521904-521917
C:/RecoveredData/recup_dir.2/f0519888.dll	 521936-521943
C:/RecoveredData/recup_dir.2/f0519912.dll	 521960-521969
C:/RecoveredData/recup_dir.2/f0519944.dll	 521992-521999
C:/RecoveredData/recup_dir.2/f0519976.dll	 522024-522031
C:/RecoveredData/recup_dir.2/f0520000.dll	 522048-522071
C:/RecoveredData/recup_dir.2/f0520048.dll	 522096-522117
C:/RecoveredData/recup_dir.2/f0520088.dll	 522136-522245
C:/RecoveredData/recup_dir.2/f0520216.dll	 522264-522271
C:/RecoveredData/recup_dir.2/f0520248.dll	 522296-522311
C:/RecoveredData/recup_dir.2/f0520280.dll	 522328-522345
C:/RecoveredData/recup_dir.2/f0520320.dll	 522368-522387
C:/RecoveredData/recup_dir.2/f0520360.dll	 522408-522419
C:/RecoveredData/recup_dir.2/f0520392.dll	 522440-522447
C:/RecoveredData/recup_dir.2/f0520416.txt	 522464-522471
C:/RecoveredData/recup_dir.2/f0520424.dll	 522472-522509
C:/RecoveredData/recup_dir.2/f0520464.dll	 522512-525261
C:/RecoveredData/recup_dir.2/f0523216.dll	 525264-525315
C:/RecoveredData/recup_dir.2/f0523272.dll	 525320-525369
C:/RecoveredData/recup_dir.2/f0523328.dll	 525376-525479
C:/RecoveredData/recup_dir.2/f0523432.dll	 525480-526539
C:/RecoveredData/recup_dir.2/f0524496.dll	 526544-528483
C:/RecoveredData/recup_dir.2/f0526440.dll	 528488-528567
C:/RecoveredData/recup_dir.2/f0526520.dll	 528568-528647
C:/RecoveredData/recup_dir.2/f0526600.dll	 528648-528679
C:/RecoveredData/recup_dir.2/f0526632.dll	 528680-528811
C:/RecoveredData/recup_dir.2/f0526768.dll	 528816-528851
C:/RecoveredData/recup_dir.2/f0526808.exe	 528856-528923
C:/RecoveredData/recup_dir.2/f0526880.exe	 528928-529115
C:/RecoveredData/recup_dir.2/f0527072.exe	 529120-529237
C:/RecoveredData/recup_dir.2/f0527192.exe	 529240-529267
C:/RecoveredData/recup_dir.2/f0527224.exe	 529272-529297
C:/RecoveredData/recup_dir.2/f0527256.exe	 529304-529329
C:/RecoveredData/recup_dir.2/f0527288.txt	 529336-529339
C:/RecoveredData/recup_dir.2/f0527296.dll	 529344-529611
C:/RecoveredData/recup_dir.2/f0527568.exe	 529616-529693
C:/RecoveredData/recup_dir.2/f0527648.dll	 529696-530243
C:/RecoveredData/recup_dir.2/f0528200.exe	 530248-530273
C:/RecoveredData/recup_dir.2/f0528232.exe	 530280-530305
C:/RecoveredData/recup_dir.2/f0528264.dll	 530312-530641
C:/RecoveredData/recup_dir.2/f0528600.exe	 530648-530673
C:/RecoveredData/recup_dir.2/f0528632.exe	 530680-530757
C:/RecoveredData/recup_dir.2/f0528712.dll	 530760-530781
C:/RecoveredData/recup_dir.2/f0528736.exe	 530784-530809
C:/RecoveredData/recup_dir.2/f0528768.exe	 530816-530841
C:/RecoveredData/recup_dir.2/f0528800.exe	 530848-530873
C:/RecoveredData/recup_dir.2/f0528832.exe	 530880-530905
C:/RecoveredData/recup_dir.2/f0528864.exe	 530912-530937
C:/RecoveredData/recup_dir.2/f0528896.dll	 530944-531371
C:/RecoveredData/recup_dir.2/f0529328.exe	 531376-531401
C:/RecoveredData/recup_dir.2/f0529360.exe	 531408-531433
C:/RecoveredData/recup_dir.2/f0529392.dll	 531440-531487
C:/RecoveredData/recup_dir.2/f0529440.exe	 531488-531513
C:/RecoveredData/recup_dir.2/f0529472.exe	 531520-531545
C:/RecoveredData/recup_dir.2/f0529520.dll	 531568-531719
C:/RecoveredData/recup_dir.2/f0529672.exe	 531720-531745
C:/RecoveredData/recup_dir.2/f0529704.exe	 531752-531777
C:/RecoveredData/recup_dir.2/f0529736.exe	 531784-531809
C:/RecoveredData/recup_dir.2/f0529768.dll	 531816-532001
C:/RecoveredData/recup_dir.2/f0529960.exe	 532008-532033
C:/RecoveredData/recup_dir.2/f0529992.exe	 532040-532065
C:/RecoveredData/recup_dir.2/f0530024.exe	 532072-532097
C:/RecoveredData/recup_dir.2/f0530056.exe	 532104-532129
C:/RecoveredData/recup_dir.2/f0530088.dll	 532136-532233
C:/RecoveredData/recup_dir.2/f0530192.exe	 532240-532265
C:/RecoveredData/recup_dir.2/f0530224.exe	 532272-532297
C:/RecoveredData/recup_dir.2/f0530256.exe	 532304-532329
C:/RecoveredData/recup_dir.2/f0530288.exe	 532336-532361
C:/RecoveredData/recup_dir.2/f0530320.exe	 532368-532393
C:/RecoveredData/recup_dir.2/f0530352.exe	 532400-532425
C:/RecoveredData/recup_dir.2/f0530384.exe	 532432-532457
C:/RecoveredData/recup_dir.2/f0530416.dll	 532464-532943
C:/RecoveredData/recup_dir.2/f0530896.dll	 532944-532993
C:/RecoveredData/recup_dir.2/f0530952.dll	 533000-533035
C:/RecoveredData/recup_dir.2/f0530992.txt	 533040-533047
C:/RecoveredData/recup_dir.2/f0531000.dll	 533048-533075
C:/RecoveredData/recup_dir.2/f0531032.dll	 533080-533129
C:/RecoveredData/recup_dir.2/f0531088.dll	 533136-534111
C:/RecoveredData/recup_dir.2/f0532064.dll	 534112-535195
C:/RecoveredData/recup_dir.2/f0533168.dll	 535216-535383
C:/RecoveredData/recup_dir.2/f0533336.dll	 535384-535497
C:/RecoveredData/recup_dir.2/f0533456.dll	 535504-535533
C:/RecoveredData/recup_dir.2/f0533488.dll	 535536-535555
C:/RecoveredData/recup_dir.2/f0533512.exe	 535560-535585
C:/RecoveredData/recup_dir.2/f0533544.exe	 535592-535617
C:/RecoveredData/recup_dir.2/f0533576.dll	 535624-535679
C:/RecoveredData/recup_dir.2/f0533632.exe	 535680-535705
C:/RecoveredData/recup_dir.2/f0533664.dll	 535712-536117
C:/RecoveredData/recup_dir.2/f0534072.dll	 536120-536187
C:/RecoveredData/recup_dir.2/f0534144.dll	 536192-536263
C:/RecoveredData/recup_dir.2/f0534216.dll	 536264-538269
C:/RecoveredData/recup_dir.2/f0536240.dll	 538288-538457
C:/RecoveredData/recup_dir.2/f0536432.dll	 538480-538533
C:/RecoveredData/recup_dir.2/f0536504.png	 538552-538555
C:/RecoveredData/recup_dir.2/f0536512.dll	 538560-538647
C:/RecoveredData/recup_dir.2/f0536600.dll	 538648-538689
C:/RecoveredData/recup_dir.2/f0536648.dll	 538696-538817
C:/RecoveredData/recup_dir.2/f0536776.dll	 538824-538973
C:/RecoveredData/recup_dir.2/f0536928.dll	 538976-563303
C:/RecoveredData/recup_dir.2/f0561256.txt	 563304-563309
C:/RecoveredData/recup_dir.2/f0561264.txt	 563312-563325
C:/RecoveredData/recup_dir.2/f0561280.java	 563328-563331
C:/RecoveredData/recup_dir.2/f0561288.txt	 563336-563343
C:/RecoveredData/recup_dir.2/f0561296.txt	 563344-563355
C:/RecoveredData/recup_dir.2/f0561312.txt	 563360-563389
C:/RecoveredData/recup_dir.2/f0561344.txt	 563392-563397
C:/RecoveredData/recup_dir.2/f0561352.java	 563400-563511
C:/RecoveredData/recup_dir.2/f0561464.py	 563512-563517
C:/RecoveredData/recup_dir.2/f0561472.txt	 563520-563525
C:/RecoveredData/recup_dir.2/f0561480.txt	 563528-563531
C:/RecoveredData/recup_dir.2/f0561488.txt	 563536-563539
C:/RecoveredData/recup_dir.2/f0561496.txt	 563544-563547
C:/RecoveredData/recup_dir.2/f0561504.txt	 563552-563555
C:/RecoveredData/recup_dir.2/f0561512.txt	 563560-563577
C:/RecoveredData/recup_dir.2/f0561536.txt	 563584-563605
C:/RecoveredData/recup_dir.2/f0561568.txt	 563616-563653
C:/RecoveredData/recup_dir.2/f0561608.txt	 563656-563691
C:/RecoveredData/recup_dir.2/f0561648.txt	 563696-563701
C:/RecoveredData/recup_dir.2/f0561656.txt	 563704-563705
C:/RecoveredData/recup_dir.2/f0561664.txt	 563712-563731
C:/RecoveredData/recup_dir.2/f0561684.txt	 563732-563737
C:/RecoveredData/recup_dir.2/f0561690.txt	 563738-563743
C:/RecoveredData/recup_dir.2/f0561696.txt	 563744-563751
C:/RecoveredData/recup_dir.2/f0561704.txt	 563752-563755
C:/RecoveredData/recup_dir.2/f0561708.txt	 563756-563769
C:/RecoveredData/recup_dir.2/f0561728.txt	 563776-563779
C:/RecoveredData/recup_dir.2/f0561744.txt	 563792-563797
C:/RecoveredData/recup_dir.2/f0561752.txt	 563800-563807
C:/RecoveredData/recup_dir.2/f0561760.txt	 563808-563811
C:/RecoveredData/recup_dir.2/f0561768.txt	 563816-563827
C:/RecoveredData/recup_dir.2/f0561784.h	 563832-563843
C:/RecoveredData/recup_dir.2/f0561800.gz	 563848-564207
C:/RecoveredData/recup_dir.2/f0562160_7.zip	 564208-578973
C:/RecoveredData/recup_dir.2/f0576976.a	 579024-579031
C:/RecoveredData/recup_dir.2/f0576984.jar	 579032-579245
C:/RecoveredData/recup_dir.2/f0577208.a	 579256-706039
C:/RecoveredData/recup_dir.2/f0703992.xml	 706040-706107
C:/RecoveredData/recup_dir.2/f0704064.xml	 706112-706179
C:/RecoveredData/recup_dir.2/f0704136.txt	 706184-706189
C:/RecoveredData/recup_dir.2/f0704144.jks	 706192-706527
C:/RecoveredData/recup_dir.2/f0704480_aaa.zip	 706528-706985
C:/RecoveredData/recup_dir.2/f0705576.dll	 707624-710573
C:/RecoveredData/recup_dir.2/f0708544.dll	 710592-710613
C:/RecoveredData/recup_dir.2/f0708584.dll	 710632-710931
C:/RecoveredData/recup_dir.2/f0708904.dll	 710952-711107
C:/RecoveredData/recup_dir.2/f0709080.dll	 711128-712241
C:/RecoveredData/recup_dir.2/f0710208.dll	 712256-712301
C:/RecoveredData/recup_dir.2/f0710272.dll	 712320-712355
C:/RecoveredData/recup_dir.2/f0710336.dll	 712384-712637
C:/RecoveredData/recup_dir.2/f0710608.dll	 712656-713179
C:/RecoveredData/recup_dir.2/f0711144.dll	 713192-713545
C:/RecoveredData/recup_dir.2/f0711512.dll	 713560-714049
C:/RecoveredData/recup_dir.2/f0712016.dll	 714064-714943
C:/RecoveredData/recup_dir.2/f0712912.dll	 714960-716163
C:/RecoveredData/recup_dir.2/f0714128.dll	 716176-716471
C:/RecoveredData/recup_dir.2/f0714440.dll	 716488-716717
C:/RecoveredData/recup_dir.2/f0714688.dll	 716736-716761
C:/RecoveredData/recup_dir.2/f0714728.dll	 716776-716887
C:/RecoveredData/recup_dir.2/f0714856.dll	 716904-716933
C:/RecoveredData/recup_dir.2/f0714904.exe	 716952-717005
C:/RecoveredData/recup_dir.2/f0714976.exe	 717024-717041
C:/RecoveredData/recup_dir.2/f0715008.dll	 717056-717351
C:/RecoveredData/recup_dir.2/f0715320.exe	 717368-717759
C:/RecoveredData/recup_dir.2/f0715728.dll	 717776-718043
C:/RecoveredData/recup_dir.2/f0716008.dll	 718056-718387
C:/RecoveredData/recup_dir.2/f0716344.exe	 718392-718529
C:/RecoveredData/recup_dir.2/f0716496.dll	 718544-718677
C:/RecoveredData/recup_dir.2/f0716648.dll	 718696-719737
C:/RecoveredData/recup_dir.2/f0717704.dll	 719752-720007
C:/RecoveredData/recup_dir.2/f0717976.exe	 720024-720415
C:/RecoveredData/recup_dir.2/f0718384.exe	 720432-721047
C:/RecoveredData/recup_dir.2/f0719016.dll	 721064-721109
C:/RecoveredData/recup_dir.2/f0719080.dll	 721128-721143
C:/RecoveredData/recup_dir.2/f0719112.dll	 721160-721177
C:/RecoveredData/recup_dir.2/f0719144.dll	 721192-721573
C:/RecoveredData/recup_dir.2/f0719544.dll	 721592-721631
C:/RecoveredData/recup_dir.2/f0719600.dll	 721648-721907
C:/RecoveredData/recup_dir.2/f0719872.dll	 721920-762445
C:/RecoveredData/recup_dir.2/f0760416.txt	 762464-762467
C:/RecoveredData/recup_dir.2/f0760424.exe	 762472-762489
C:/RecoveredData/recup_dir.2/f0760456.dll	 762504-762833
C:/RecoveredData/recup_dir.2/f0760800.dll	 762848-763401
C:/RecoveredData/recup_dir.2/f0761368.exe	 763416-763601
C:/RecoveredData/recup_dir.2/f0761568.dll	 763616-763643
C:/RecoveredData/recup_dir.2/f0761608.dll	 763656-764059
C:/RecoveredData/recup_dir.2/f0762024.dll	 764072-764421
C:/RecoveredData/recup_dir.2/f0762392.dll	 764440-764463
C:/RecoveredData/recup_dir.2/f0762432.dll	 764480-764537
C:/RecoveredData/recup_dir.2/f0762504.dll	 764552-764601
C:/RecoveredData/recup_dir.2/f0762568.dll	 764616-765035
C:/RecoveredData/recup_dir.2/f0763000.exe	 765048-765067
C:/RecoveredData/recup_dir.2/f0763032.exe	 765080-765099
C:/RecoveredData/recup_dir.2/f0763064.exe	 765112-765131
C:/RecoveredData/recup_dir.2/f0763096.exe	 765144-765163
C:/RecoveredData/recup_dir.2/f0763128.dll	 765176-765621
C:/RecoveredData/recup_dir.2/f0763592.dll	 765640-765699
C:/RecoveredData/recup_dir.2/f0763672.dll	 765720-766985
C:/RecoveredData/recup_dir.2/f0764952.dll	 767000-768607
C:/RecoveredData/recup_dir.2/f0766576.dll	 768624-768795
C:/RecoveredData/recup_dir.2/f0766768.gz	 768816-768823
C:/RecoveredData/recup_dir.2/f0766776.dll	 768824-768927
C:/RecoveredData/recup_dir.2/f0766896.dll	 768944-768969
C:/RecoveredData/recup_dir.2/f0766936.exe	 768984-769003
C:/RecoveredData/recup_dir.2/f0766968.exe	 769016-769035
C:/RecoveredData/recup_dir.2/f0767000.exe	 769048-769067
C:/RecoveredData/recup_dir.2/f0767040.dll	 769088-769189
C:/RecoveredData/recup_dir.2/f0767160.dll	 769208-769519
C:/RecoveredData/recup_dir.2/f0767488.dll	 769536-769617
C:/RecoveredData/recup_dir.2/f0767584.dll	 769632-769731
C:/RecoveredData/recup_dir.2/f0767696.dll	 769744-769761
C:/RecoveredData/recup_dir.2/f0767728.exe	 769776-769793
C:/RecoveredData/recup_dir.2/f0767760.exe	 769808-769827
C:/RecoveredData/recup_dir.2/f0767800.exe	 769848-769867
C:/RecoveredData/recup_dir.2/f0767840.dll	 769888-770287
C:/RecoveredData/recup_dir.2/f0768256.dll	 770304-771369
C:/RecoveredData/recup_dir.2/f0769336.exe	 771384-771501
C:/RecoveredData/recup_dir.2/f0769472.dll	 771520-771771
C:/RecoveredData/recup_dir.2/f0769736.dll	 771784-771833
C:/RecoveredData/recup_dir.2/f0769800.dll	 771848-772331
C:/RecoveredData/recup_dir.2/f0770304.gz	 772352-772359
C:/RecoveredData/recup_dir.2/f0770312.exe	 772360-772379
C:/RecoveredData/recup_dir.2/f0770344.dll	 772392-772535
C:/RecoveredData/recup_dir.2/f0770504.exe	 772552-772925
C:/RecoveredData/recup_dir.2/f0770896.dll	 772944-773027
C:/RecoveredData/recup_dir.2/f0771000.dll	 773048-773083
C:/RecoveredData/recup_dir.2/f0771048.dll	 773096-773299
C:/RecoveredData/recup_dir.2/f0771272.dll	 773320-773683
C:/RecoveredData/recup_dir.2/f0771656.dll	 773704-773843
C:/RecoveredData/recup_dir.2/f0771808.dll	 773856-775823
C:/RecoveredData/recup_dir.2/f0773792.dll	 775840-778055
C:/RecoveredData/recup_dir.2/f0776024.dll	 778072-779679
C:/RecoveredData/recup_dir.2/f0777648.dll	 779696-780131
C:/RecoveredData/recup_dir.2/f0778096.dll	 780144-797179
C:/RecoveredData/recup_dir.2/f0795144.java	 797192-797195
C:/RecoveredData/recup_dir.2/f0795152.txt	 797200-797203
C:/RecoveredData/recup_dir.2/f0795160.jar	 797208-803239
C:/RecoveredData/recup_dir.2/f0801384.jar	 803432-807749
C:/RecoveredData/recup_dir.2/f0805776.jar	 807824-808775
C:/RecoveredData/recup_dir.2/f0806728.jar	 808776-808999
C:/RecoveredData/recup_dir.2/f0806952.jar	 809000-810085
C:/RecoveredData/recup_dir.2/f0808040.jar	 810088-810155
C:/RecoveredData/recup_dir.2/f0808112.jar	 810160-811379
C:/RecoveredData/recup_dir.2/f0809376.jar	 811424-813403
C:/RecoveredData/recup_dir.2/f0811392.jar	 813440-820253
C:/RecoveredData/recup_dir.2/f0822676.class	 824724-826781
C:/RecoveredData/recup_dir.2/f0824734.class	 826782-830689
C:/RecoveredData/recup_dir.2/f0830480.class	 832528-832795
C:/RecoveredData/recup_dir.2/f0836494.class	 838542-849759
C:/RecoveredData/recup_dir.2/f0847712.class	 849760-850301
C:/RecoveredData/recup_dir.2/f0851888.xml	 853936-853937
C:/RecoveredData/recup_dir.2/f0854400.class	 856448-864575
C:/RecoveredData/recup_dir.2/f0862528.class	 864576-866017
C:/RecoveredData/recup_dir.2/f0863970.class	 866018-866939
C:/RecoveredData/recup_dir.2/f0864892.class	 866940-866963
C:/RecoveredData/recup_dir.2/f0864916.class	 866964-867015
C:/RecoveredData/recup_dir.2/f0864968.class	 867016-868229
C:/RecoveredData/recup_dir.2/f0874550.class	 876598-883315
C:/RecoveredData/recup_dir.2/f0881960.class	 884008-884597
C:/RecoveredData/recup_dir.2/f0885402.class	 887450-891127
C:/RecoveredData/recup_dir.2/f0889080.class	 891128-891215
C:/RecoveredData/recup_dir.2/f0889168.class	 891216-891879
C:/RecoveredData/recup_dir.2/f0890640.class	 892688-899323
C:/RecoveredData/recup_dir.2/f0897276.class	 899324-903479
C:/RecoveredData/recup_dir.2/f0901432.class	 903480-908503
C:/RecoveredData/recup_dir.2/f0906728.class	 908776-909053
C:/RecoveredData/recup_dir.2/f0909378.class	 911426-911459
C:/RecoveredData/recup_dir.2/f0909412.class	 911460-913813
C:/RecoveredData/recup_dir.2/f0918436.class	 920484-924119
C:/RecoveredData/recup_dir.2/f0937080.class	 939128-939153
C:/RecoveredData/recup_dir.2/f0937106.class	 939154-939495
C:/RecoveredData/recup